Release 14.7 - xst P.20131013 (nt64)
Copyright (c) 1995-2013 Xilinx, Inc.  All rights reserved.
--> Parameter TMPDIR set to xst/projnav.tmp


Total REAL time to Xst completion: 0.00 secs
Total CPU time to Xst completion: 0.10 secs
 
--> Parameter xsthdpdir set to xst


Total REAL time to Xst completion: 0.00 secs
Total CPU time to Xst completion: 0.10 secs
 
--> Reading design: MaquinaExpendedora.prj

TABLE OF CONTENTS
  1) Synthesis Options Summary
  2) HDL Compilation
  3) Design Hierarchy Analysis
  4) HDL Analysis
  5) HDL Synthesis
     5.1) HDL Synthesis Report
  6) Advanced HDL Synthesis
     6.1) Advanced HDL Synthesis Report
  7) Low Level Synthesis
  8) Partition Report
  9) Final Report
	9.1) Device utilization summary
	9.2) Partition Resource Summary
	9.3) TIMING REPORT


=========================================================================
*                      Synthesis Options Summary                        *
=========================================================================
---- Source Parameters
Input File Name                    : "MaquinaExpendedora.prj"
Input Format                       : mixed
Ignore Synthesis Constraint File   : NO

---- Target Parameters
Output File Name                   : "MaquinaExpendedora"
Output Format                      : NGC
Target Device                      : xc3s1500-4-fg320

---- Source Options
Top Module Name                    : MaquinaExpendedora
Automatic FSM Extraction           : YES
FSM Encoding Algorithm             : Auto
Safe Implementation                : No
FSM Style                          : LUT
RAM Extraction                     : Yes
RAM Style                          : Auto
ROM Extraction                     : Yes
Mux Style                          : Auto
Decoder Extraction                 : YES
Priority Encoder Extraction        : Yes
Shift Register Extraction          : YES
Logical Shifter Extraction         : YES
XOR Collapsing                     : YES
ROM Style                          : Auto
Mux Extraction                     : Yes
Resource Sharing                   : YES
Asynchronous To Synchronous        : NO
Multiplier Style                   : Auto
Automatic Register Balancing       : No

---- Target Options
Add IO Buffers                     : YES
Global Maximum Fanout              : 100000
Add Generic Clock Buffer(BUFG)     : 8
Register Duplication               : YES
Slice Packing                      : YES
Optimize Instantiated Primitives   : NO
Use Clock Enable                   : Yes
Use Synchronous Set                : Yes
Use Synchronous Reset              : Yes
Pack IO Registers into IOBs        : Auto
Equivalent register Removal        : YES

---- General Options
Optimization Goal                  : Speed
Optimization Effort                : 1
Keep Hierarchy                     : No
Netlist Hierarchy                  : As_Optimized
RTL Output                         : Yes
Global Optimization                : AllClockNets
Read Cores                         : YES
Write Timing Constraints           : NO
Cross Clock Analysis               : NO
Hierarchy Separator                : /
Bus Delimiter                      : <>
Case Specifier                     : Maintain
Slice Utilization Ratio            : 100
BRAM Utilization Ratio             : 100
Verilog 2001                       : YES
Auto BRAM Packing                  : NO
Slice Utilization Ratio Delta      : 5

=========================================================================


=========================================================================
*                          HDL Compilation                              *
=========================================================================
Compiling vhdl file "C:/Users/Dell/Documents/ProyectosVHDL/2019/VendingMachine/VMachine/MaquinaExpendedora.vhd" in Library work.
Architecture behavioral of Entity maquinaexpendedora is up to date.

=========================================================================
*                     Design Hierarchy Analysis                         *
=========================================================================
Analyzing hierarchy for entity <MaquinaExpendedora> in library <work> (architecture <behavioral>).


=========================================================================
*                            HDL Analysis                               *
=========================================================================
Analyzing Entity <MaquinaExpendedora> in library <work> (Architecture <behavioral>).
Entity <MaquinaExpendedora> analyzed. Unit <MaquinaExpendedora> generated.


=========================================================================
*                           HDL Synthesis                               *
=========================================================================

Performing bidirectional port resolution...

Synthesizing Unit <MaquinaExpendedora>.
    Related source file is "C:/Users/Dell/Documents/ProyectosVHDL/2019/VendingMachine/VMachine/MaquinaExpendedora.vhd".
    Found finite state machine <FSM_0> for signal <currentState>.
    -----------------------------------------------------------------------
    | States             | 5                                              |
    | Transitions        | 10                                             |
    | Inputs             | 4                                              |
    | Outputs            | 2                                              |
    | Clock              | clock                     (rising_edge)        |
    | Reset              | reset                     (negative)           |
    | Reset type         | asynchronous                                   |
    | Reset State        | state0                                         |
    | Power Up State     | state0                                         |
    | Encoding           | automatic                                      |
    | Implementation     | LUT                                            |
    -----------------------------------------------------------------------
    Summary:
	inferred   1 Finite State Machine(s).
Unit <MaquinaExpendedora> synthesized.


=========================================================================
HDL Synthesis Report

Found no macro
=========================================================================

=========================================================================
*                       Advanced HDL Synthesis                          *
=========================================================================

Analyzing FSM <FSM_0> for best encoding.
Optimizing FSM <currentState/FSM> on signal <currentState[1:3]> with user encoding.
--------------------
 State  | Encoding
--------------------
 state0 | 000
 state1 | 001
 state2 | 010
 state3 | 011
 state4 | 100
--------------------

=========================================================================
Advanced HDL Synthesis Report

Macro Statistics
# FSMs                                                 : 1

=========================================================================

=========================================================================
*                         Low Level Synthesis                           *
=========================================================================

Optimizing unit <MaquinaExpendedora> ...

Mapping all equations...
Building and optimizing final netlist ...
Found area constraint ratio of 100 (+ 5) on block MaquinaExpendedora, actual ratio is 0.

Final Macro Processing ...

=========================================================================
Final Register Report

Macro Statistics
# Registers                                            : 3
 Flip-Flops                                            : 3

=========================================================================

=========================================================================
*                           Partition Report                            *
=========================================================================

Partition Implementation Status
-------------------------------

  No Partitions were found in this design.

-------------------------------

=========================================================================
*                            Final Report                               *
=========================================================================
Final Results
RTL Top Level Output File Name     : MaquinaExpendedora.ngr
Top Level Output File Name         : MaquinaExpendedora
Output Format                      : NGC
Optimization Goal                  : Speed
Keep Hierarchy                     : No

Design Statistics
# IOs                              : 8

Cell Usage :
# BELS                             : 7
#      INV                         : 1
#      LUT2                        : 1
#      LUT3                        : 2
#      LUT4                        : 2
#      LUT4_L                      : 1
# FlipFlops/Latches                : 3
#      FDC                         : 3
# Clock Buffers                    : 1
#      BUFGP                       : 1
# IO Buffers                       : 7
#      IBUF                        : 5
#      OBUF                        : 2
=========================================================================

Device utilization summary:
---------------------------

Selected Device : 3s1500fg320-4 

 Number of Slices:                        4  out of  13312     0%  
 Number of Slice Flip Flops:              3  out of  26624     0%  
 Number of 4 input LUTs:                  7  out of  26624     0%  
 Number of IOs:                           8
 Number of bonded IOBs:                   8  out of    221     3%  
 Number of GCLKs:                         1  out of      8    12%  

---------------------------
Partition Resource Summary:
---------------------------

  No Partitions were found in this design.

---------------------------


=========================================================================
TIMING REPORT

NOTE: THESE TIMING NUMBERS ARE ONLY A SYNTHESIS ESTIMATE.
      FOR ACCURATE TIMING INFORMATION PLEASE REFER TO THE TRACE REPORT
      GENERATED AFTER PLACE-and-ROUTE.

Clock Information:
------------------
-----------------------------------+------------------------+-------+
Clock Signal                       | Clock buffer(FF name)  | Load  |
-----------------------------------+------------------------+-------+
clock                              | BUFGP                  | 3     |
-----------------------------------+------------------------+-------+

Asynchronous Control Signals Information:
----------------------------------------
---------------------------------------------------------------------+----------------------------+-------+
Control Signal                                                       | Buffer(FF name)            | Load  |
---------------------------------------------------------------------+----------------------------+-------+
currentState_FSM_Acst_FSM_inv(currentState_FSM_Acst_FSM_inv1_INV_0:O)| NONE(currentState_FSM_FFd1)| 3     |
---------------------------------------------------------------------+----------------------------+-------+

Timing Summary:
---------------
Speed Grade: -4

   Minimum period: 3.084ns (Maximum Frequency: 324.254MHz)
   Minimum input arrival time before clock: 4.169ns
   Maximum output required time after clock: 8.972ns
   Maximum combinational path delay: No path found

Timing Detail:
--------------
All values displayed in nanoseconds (ns)

=========================================================================
Timing constraint: Default period analysis for Clock 'clock'
  Clock period: 3.084ns (frequency: 324.254MHz)
  Total number of paths / destination ports: 8 / 3
-------------------------------------------------------------------------
Delay:               3.084ns (Levels of Logic = 2)
  Source:            currentState_FSM_FFd1 (FF)
  Destination:       currentState_FSM_FFd3 (FF)
  Source Clock:      clock rising
  Destination Clock: clock rising

  Data Path: currentState_FSM_FFd1 to currentState_FSM_FFd3
                                Gate     Net
    Cell:in->out      fanout   Delay   Delay  Logical Name (Net Name)
    ----------------------------------------  ------------
     FDC:C->Q              3   0.720   0.933  currentState_FSM_FFd1 (currentState_FSM_FFd1)
     LUT4_L:I3->LO         1   0.551   0.126  currentState_FSM_FFd3-In_SW0 (N4)
     LUT4:I3->O            1   0.551   0.000  currentState_FSM_FFd3-In (currentState_FSM_FFd3-In)
     FDC:D                     0.203          currentState_FSM_FFd3
    ----------------------------------------
    Total                      3.084ns (2.025ns logic, 1.059ns route)
                                       (65.7% logic, 34.3% route)

=========================================================================
Timing constraint: Default OFFSET IN BEFORE for Clock 'clock'
  Total number of paths / destination ports: 8 / 3
-------------------------------------------------------------------------
Offset:              4.169ns (Levels of Logic = 3)
  Source:            D_Button (PAD)
  Destination:       currentState_FSM_FFd2 (FF)
  Destination Clock: clock rising

  Data Path: D_Button to currentState_FSM_FFd2
                                Gate     Net
    Cell:in->out      fanout   Delay   Delay  Logical Name (Net Name)
    ----------------------------------------  ------------
     IBUF:I->O             2   0.821   1.216  D_Button_IBUF (D_Button_IBUF)
     LUT3:I0->O            1   0.551   0.827  currentState_FSM_FFd2-In_SW0 (N2)
     LUT4:I3->O            1   0.551   0.000  currentState_FSM_FFd2-In (currentState_FSM_FFd2-In)
     FDC:D                     0.203          currentState_FSM_FFd2
    ----------------------------------------
    Total                      4.169ns (2.126ns logic, 2.043ns route)
                                       (51.0% logic, 49.0% route)

=========================================================================
Timing constraint: Default OFFSET OUT AFTER for Clock 'clock'
  Total number of paths / destination ports: 3 / 2
-------------------------------------------------------------------------
Offset:              8.972ns (Levels of Logic = 2)
  Source:            currentState_FSM_FFd3 (FF)
  Destination:       CR_OUT (PAD)
  Source Clock:      clock rising

  Data Path: currentState_FSM_FFd3 to CR_OUT
                                Gate     Net
    Cell:in->out      fanout   Delay   Delay  Logical Name (Net Name)
    ----------------------------------------  ------------
     FDC:C->Q              4   0.720   1.256  currentState_FSM_FFd3 (currentState_FSM_FFd3)
     LUT2:I0->O            1   0.551   0.801  currentState_FSM_Out01 (CR_OUT_OBUF)
     OBUF:I->O                 5.644          CR_OUT_OBUF (CR_OUT)
    ----------------------------------------
    Total                      8.972ns (6.915ns logic, 2.057ns route)
                                       (77.1% logic, 22.9% route)

=========================================================================


Total REAL time to Xst completion: 7.00 secs
Total CPU time to Xst completion: 7.38 secs
 
--> 

Total memory usage is 4533984 kilobytes

Number of errors   :    0 (   0 filtered)
Number of warnings :    0 (   0 filtered)
Number of infos    :    0 (   0 filtered)

